[debug] [2025-03-26T16:56:11.064Z] ----------------------------------------------------------------------
[debug] [2025-03-26T16:56:11.071Z] Command:       C:\Program Files\nodejs\node.exe C:\Users\tecni\AppData\Roaming\npm\node_modules\firebase-tools\lib\bin\firebase.js apps:create android salon_belleza (android) --package-name=tu_salon --json --project=salon-belleza-2cf6c
[debug] [2025-03-26T16:56:11.072Z] CLI Version:   13.35.1
[debug] [2025-03-26T16:56:11.072Z] Platform:      win32
[debug] [2025-03-26T16:56:11.072Z] Node Version:  v22.13.0
[debug] [2025-03-26T16:56:11.073Z] Time:          Wed Mar 26 2025 17:56:11 GMT+0100 (hora estándar de Europa central)
[debug] [2025-03-26T16:56:11.073Z] ----------------------------------------------------------------------
[debug] 
[debug] [2025-03-26T16:56:11.487Z] > command requires scopes: ["email","openid","https://www.googleapis.com/auth/cloudplatformprojects.readonly","https://www.googleapis.com/auth/firebase","https://www.googleapis.com/auth/cloud-platform"]
[debug] [2025-03-26T16:56:11.488Z] > authorizing via signed-in user (omargomez.mza@gmail.com)
[info] Create your ANDROID app in project salon-belleza-2cf6c:
[debug] [2025-03-26T16:56:11.493Z] Checked if tokens are valid: true, expires at: 1743011203666
[debug] [2025-03-26T16:56:11.494Z] Checked if tokens are valid: true, expires at: 1743011203666
[debug] [2025-03-26T16:56:11.495Z] >>> [apiv2][query] POST https://firebase.googleapis.com/v1beta1/projects/salon-belleza-2cf6c/androidApps [none]
[debug] [2025-03-26T16:56:11.495Z] >>> [apiv2][body] POST https://firebase.googleapis.com/v1beta1/projects/salon-belleza-2cf6c/androidApps {"displayName":"salon_belleza (android)","packageName":"tu_salon"}
[debug] [2025-03-26T16:56:11.853Z] <<< [apiv2][status] POST https://firebase.googleapis.com/v1beta1/projects/salon-belleza-2cf6c/androidApps 400
[debug] [2025-03-26T16:56:11.853Z] <<< [apiv2][body] POST https://firebase.googleapis.com/v1beta1/projects/salon-belleza-2cf6c/androidApps {"error":{"code":400,"message":"Request contains an invalid argument.","status":"INVALID_ARGUMENT"}}
[debug] [2025-03-26T16:56:11.854Z] Request to https://firebase.googleapis.com/v1beta1/projects/salon-belleza-2cf6c/androidApps had HTTP Error: 400, Request contains an invalid argument.
[debug] [2025-03-26T16:56:11.970Z] FirebaseError: Request to https://firebase.googleapis.com/v1beta1/projects/salon-belleza-2cf6c/androidApps had HTTP Error: 400, Request contains an invalid argument.
    at responseToError (C:\Users\tecni\AppData\Roaming\npm\node_modules\firebase-tools\lib\responseToError.js:52:12)
    at RetryOperation._fn (C:\Users\tecni\AppData\Roaming\npm\node_modules\firebase-tools\lib\apiv2.js:312:77)
    at process.processTicksAndRejections (node:internal/process/task_queues:105:5)
[error] 
[error] Error: Failed to create Android app for project salon-belleza-2cf6c. See firebase-debug.log for more info.
